TN:
SF:src/kraken.js
FN:23,convertResposne
FN:28,convertError
FN:55,axiosPost
FN:84,Kraken
FN:95,upload
FN:119,url
FN:125,userStatus
FNF:7
FNH:6
FNDA:8,convertResposne
FNDA:0,convertError
FNDA:8,axiosPost
FNDA:2,Kraken
FNDA:7,upload
FNDA:1,url
FNDA:1,userStatus
DA:1,1
DA:2,1
DA:3,1
DA:4,1
DA:5,1
DA:6,1
DA:7,1
DA:8,1
DA:9,1
DA:10,1
DA:11,1
DA:12,1
DA:13,1
DA:14,1
DA:15,1
DA:16,1
DA:17,1
DA:18,1
DA:19,1
DA:20,1
DA:21,1
DA:22,1
DA:23,8
DA:24,8
DA:25,8
DA:26,1
DA:27,1
DA:28,0
DA:29,0
DA:30,0
DA:31,0
DA:32,0
DA:33,0
DA:34,0
DA:35,0
DA:36,0
DA:37,0
DA:38,0
DA:39,0
DA:40,0
DA:41,0
DA:42,0
DA:43,0
DA:44,0
DA:45,0
DA:46,0
DA:47,0
DA:48,0
DA:49,0
DA:50,0
DA:51,0
DA:52,0
DA:53,1
DA:54,1
DA:55,8
DA:56,8
DA:57,8
DA:58,8
DA:59,8
DA:60,8
DA:61,8
DA:62,0
DA:63,0
DA:64,0
DA:65,0
DA:66,0
DA:67,0
DA:68,0
DA:69,0
DA:70,0
DA:71,8
DA:72,8
DA:73,1
DA:74,1
DA:75,1
DA:76,1
DA:77,1
DA:78,1
DA:79,1
DA:80,1
DA:81,1
DA:82,1
DA:83,1
DA:84,1
DA:85,2
DA:86,2
DA:87,2
DA:88,1
DA:89,1
DA:90,1
DA:91,1
DA:92,1
DA:93,1
DA:94,1
DA:95,1
DA:96,7
DA:97,7
DA:98,7
DA:99,7
DA:100,1
DA:101,1
DA:102,1
DA:103,1
DA:104,1
DA:105,6
DA:106,6
DA:107,6
DA:108,6
DA:109,6
DA:110,6
DA:111,6
DA:112,1
DA:113,1
DA:114,1
DA:115,1
DA:116,1
DA:117,1
DA:118,1
DA:119,1
DA:120,1
DA:121,1
DA:122,1
DA:123,1
DA:124,1
DA:125,1
DA:126,1
DA:127,1
DA:128,1
DA:129,1
DA:130,1
DA:131,1
DA:132,1
DA:133,1
DA:134,1
DA:135,1
DA:136,1
DA:137,1
DA:138,1
DA:139,1
DA:140,1
DA:141,1
LF:141
LH:107
BRDA:23,0,0,8
BRDA:55,1,0,8
BRDA:61,2,0,0
BRDA:84,3,0,2
BRDA:95,4,0,7
BRDA:99,5,0,1
BRDA:105,6,0,6
BRDA:119,7,0,1
BRDA:125,8,0,1
BRF:9
BRH:8
end_of_record
TN:
SF:src/lib/AxiosOptions.js
FN:12,AxiosOptions
FNF:1
FNH:1
FNDA:9,AxiosOptions
DA:1,1
DA:2,1
DA:3,1
DA:4,1
DA:5,1
DA:6,1
DA:7,1
DA:8,1
DA:9,1
DA:10,1
DA:11,1
DA:12,1
DA:13,9
DA:14,9
DA:15,6
DA:16,6
DA:17,6
DA:18,6
DA:19,6
DA:20,6
DA:21,9
DA:22,1
DA:23,1
DA:24,1
LF:24
LH:24
BRDA:12,0,0,9
BRDA:14,1,0,6
BRDA:17,2,0,0
BRF:3
BRH:2
end_of_record
TN:
SF:src/lib/KrakenApiData.js
FN:12,KrakenApiData
FN:20,toJson
FNF:2
FNH:2
FNDA:9,KrakenApiData
FNDA:7,toJson
DA:1,1
DA:2,1
DA:3,1
DA:4,1
DA:5,1
DA:6,1
DA:7,1
DA:8,1
DA:9,1
DA:10,1
DA:11,1
DA:12,1
DA:13,9
DA:14,9
DA:15,1
DA:16,1
DA:17,1
DA:18,1
DA:19,1
DA:20,1
DA:21,7
DA:22,7
DA:23,1
DA:24,1
DA:25,1
LF:25
LH:25
BRDA:12,0,0,9
BRDA:20,1,0,7
BRF:2
BRH:2
end_of_record
TN:
SF:src/lib/KrakenApiList.js
FN:16,KrakenApiList
FNF:1
FNH:1
FNDA:2,KrakenApiList
DA:1,1
DA:2,1
DA:3,1
DA:4,1
DA:5,1
DA:6,1
DA:7,1
DA:8,1
DA:9,1
DA:10,1
DA:11,1
DA:12,1
DA:13,1
DA:14,1
DA:15,1
DA:16,1
DA:17,2
DA:18,2
DA:19,2
DA:20,2
DA:21,2
DA:22,6
DA:23,6
DA:24,2
DA:25,1
DA:26,1
DA:27,1
DA:28,1
DA:29,1
DA:30,1
DA:31,1
DA:32,1
DA:33,1
DA:34,1
DA:35,1
DA:36,1
LF:36
LH:36
BRDA:16,0,0,2
BRDA:21,1,0,6
BRF:2
BRH:2
end_of_record
TN:
SF:src/lib/KrakenAuth.js
FN:7,KrakenAuth
FNF:1
FNH:1
FNDA:3,KrakenAuth
DA:1,1
DA:2,1
DA:3,1
DA:4,1
DA:5,1
DA:6,1
DA:7,1
DA:8,3
DA:9,3
DA:10,3
DA:11,1
DA:12,1
DA:13,1
LF:13
LH:13
BRDA:7,0,0,3
BRF:1
BRH:1
end_of_record
TN:
SF:src/lib/KrakenResponse.js
FN:11,KrakenResponse
FNF:1
FNH:1
FNDA:8,KrakenResponse
DA:1,1
DA:2,1
DA:3,1
DA:4,1
DA:5,1
DA:6,1
DA:7,1
DA:8,1
DA:9,1
DA:10,1
DA:11,1
DA:12,8
DA:13,8
DA:14,1
DA:15,1
DA:16,1
LF:16
LH:16
BRDA:11,0,0,8
BRF:1
BRH:1
end_of_record
TN:
SF:src/lib/KrakenUploadData.js
FN:50,KrakenUploadData
FNF:1
FNH:1
FNDA:7,KrakenUploadData
DA:1,1
DA:2,1
DA:3,1
DA:4,1
DA:5,1
DA:6,1
DA:7,1
DA:8,1
DA:9,1
DA:10,1
DA:11,1
DA:12,1
DA:13,1
DA:14,1
DA:15,1
DA:16,1
DA:17,1
DA:18,1
DA:19,1
DA:20,1
DA:21,1
DA:22,1
DA:23,1
DA:24,1
DA:25,1
DA:26,1
DA:27,1
DA:28,1
DA:29,1
DA:30,1
DA:31,1
DA:32,1
DA:33,1
DA:34,1
DA:35,1
DA:36,1
DA:37,1
DA:38,1
DA:39,1
DA:40,1
DA:41,1
DA:42,1
DA:43,1
DA:44,1
DA:45,1
DA:46,1
DA:47,1
DA:48,1
DA:49,1
DA:50,1
DA:51,7
DA:52,7
DA:53,7
DA:54,7
DA:55,7
DA:56,7
DA:57,7
DA:58,7
DA:59,7
DA:60,7
DA:61,7
DA:62,7
DA:63,7
DA:64,7
DA:65,2
DA:66,2
DA:67,2
DA:68,2
DA:69,7
DA:70,3
DA:71,3
DA:72,3
DA:73,1
DA:74,1
DA:75,3
DA:76,2
DA:77,2
DA:78,3
DA:79,3
DA:80,6
DA:81,6
DA:82,6
DA:83,7
DA:84,2
DA:85,2
DA:86,6
DA:87,6
DA:88,6
DA:89,7
DA:90,7
DA:91,7
DA:92,7
DA:93,7
DA:94,1
DA:95,1
DA:96,1
LF:96
LH:96
BRDA:50,0,0,7
BRDA:64,1,0,5
BRDA:64,2,0,2
BRDA:69,3,0,5
BRDA:69,4,0,3
BRDA:72,5,0,2
BRDA:72,6,0,1
BRDA:75,7,0,2
BRDA:78,8,0,0
BRDA:80,9,0,6
BRDA:83,10,0,2
BRDA:86,11,0,6
BRF:12
BRH:11
end_of_record
